{"level":"error","message":"error with call dll ---- No MongoosePro's detected. Please connect one and retry.","timestamp":"2017-08-10T03:04:50.486Z"}
{"level":"error","message":"error with call dll ---- [0x0000000e] J2534_ERR_DEVICE_IN_USE","timestamp":"2017-08-10T03:08:56.503Z"}
{"level":"error","message":"error with call dll ---- [0x0000000e] J2534_ERR_DEVICE_IN_USE","timestamp":"2017-08-10T03:09:07.102Z"}
{"level":"error","message":"error with call dll ---- [0x0000000e] J2534_ERR_DEVICE_IN_USE","timestamp":"2017-08-10T03:12:22.364Z"}
{"level":"error","message":"error with call dll ---- No MongoosePro's detected. Please connect one and retry.","timestamp":"2017-08-10T03:14:32.456Z"}
{"level":"error","message":"error with call dll ---- [0x0000000e] J2534_ERR_DEVICE_IN_USE","timestamp":"2017-08-10T03:18:19.191Z"}
{"level":"error","message":"error with call dll ---- [0x0000000e] J2534_ERR_DEVICE_IN_USE","timestamp":"2017-08-10T03:19:06.285Z"}
{"level":"error","message":"error with call dll ---- OutsideBounds","timestamp":"2017-08-11T08:01:41.526Z"}
{"level":"error","message":"error with call dll ---- OutsideBounds","timestamp":"2017-08-11T08:06:33.274Z"}
{"level":"error","message":"call /connect resful,error with call dll ---- OutsideBounds","timestamp":"2017-08-11T08:08:06.268Z"}
{"level":"error","message":"call /connect resful,error with call dll ---- OutsideBounds","timestamp":"2017-08-11T08:12:27.027Z"}
{"level":"error","message":"call /connect resful,error with call dll ---- OutsideBounds","timestamp":"2017-08-11T08:13:53.924Z"}
{"level":"error","message":"call /connect resful,error with call dll ---- OutsideBounds","timestamp":"2017-08-11T08:14:06.226Z"}
{"level":"error","message":"call /connect resful,error with call dll ---- OutsideBounds","timestamp":"2017-08-11T08:25:03.760Z"}
{"level":"error","message":"call /connect resful,error with call dll ---- OutsideBounds","timestamp":"2017-08-14T02:28:42.213Z"}
{"level":"error","message":"call /writeMsgs resful,error with call dll ---- OutsideBounds","timestamp":"2017-08-14T02:40:23.197Z"}
{"level":"error","message":"call /writeMsgs resful,error with call dll ---- OutsideBounds","timestamp":"2017-08-14T02:40:37.927Z"}
{"level":"error","message":"call /writeMsgs resful,error with call dll ---- OutsideBounds","timestamp":"2017-08-14T02:45:37.912Z"}
{"level":"error","message":"call /connect resful,error with call dll ---- There's already a 6:ISO15765 channel open","timestamp":"2017-08-14T03:01:35.526Z"}
{"level":"error","message":"call /connect resful,error with call dll ---- OutsideBounds","timestamp":"2017-08-14T03:01:55.758Z"}
{"level":"error","message":"call /ioctl resful,error with call dll ---- [0x00000002] J2534_ERR_INVALID_CHANNEL_ID","timestamp":"2017-08-14T03:02:44.714Z"}
